{"count":0,"level":"info","message":"Vídeos recuperados com sucesso","timestamp":"2025-04-14T09:15:36.968Z"}
{"level":"info","message":"Servidor rodando em http://localhost:3000","timestamp":"2025-04-14T09:17:15.305Z"}
{"ip":"::1","level":"info","message":"Nova requisição","method":"GET","timestamp":"2025-04-14T09:17:34.347Z","url":"/api/database/status"}
{"level":"info","message":"Iniciando população de departamentos...","timestamp":"2025-04-14T09:17:56.639Z"}
{"level":"info","message":"9 departamentos inseridos com sucesso!","timestamp":"2025-04-14T09:17:57.496Z"}
{"ip":"::1","level":"info","message":"Nova requisição","method":"GET","timestamp":"2025-04-14T09:18:04.349Z","url":"/api/database/status"}
{"ip":"::1","level":"info","message":"Nova requisição","method":"GET","timestamp":"2025-04-14T09:18:34.352Z","url":"/api/database/status"}
{"ip":"::1","level":"info","message":"Nova requisição","method":"GET","timestamp":"2025-04-14T09:19:04.347Z","url":"/api/database/status"}
{"level":"info","message":"Iniciando população de departamentos...","timestamp":"2025-04-14T09:19:05.457Z"}
{"level":"info","message":"Já existem 9 departamentos. Pulando inserção.","timestamp":"2025-04-14T09:19:06.294Z"}
{"level":"info","message":"Iniciando população de medalhas...","timestamp":"2025-04-14T09:19:07.454Z"}
{"level":"info","message":"5 medalhas inseridas com sucesso!","timestamp":"2025-04-14T09:19:08.327Z"}
{"level":"info","message":"Iniciando população de estatísticas de zonas...","timestamp":"2025-04-14T09:19:09.446Z"}
{"level":"info","message":"5 estatísticas de zona inseridas com sucesso!","timestamp":"2025-04-14T09:19:10.279Z"}
{"level":"info","message":"3 estatísticas de categoria inseridas com sucesso!","timestamp":"2025-04-14T09:19:10.420Z"}
{"ip":"::1","level":"info","message":"Nova requisição","method":"GET","timestamp":"2025-04-14T09:19:34.354Z","url":"/api/database/status"}
{"level":"info","message":"Servidor rodando em http://localhost:3000","timestamp":"2025-04-14T09:19:50.791Z"}
{"ip":"::1","level":"info","message":"Nova requisição","method":"GET","timestamp":"2025-04-14T09:20:04.351Z","url":"/api/database/status"}
{"ip":"::1","level":"info","message":"Nova requisição","method":"GET","timestamp":"2025-04-14T09:20:27.417Z","url":"/api/videos"}
{"ip":"::1","level":"info","message":"Nova requisição","method":"GET","timestamp":"2025-04-14T09:20:27.421Z","url":"/api/incidents"}
{"count":0,"level":"info","message":"Vídeos recuperados com sucesso","timestamp":"2025-04-14T09:20:27.484Z"}
{"ip":"::1","level":"info","message":"Nova requisição","method":"GET","timestamp":"2025-04-14T09:20:30.809Z","url":"/api/videos/category/Seguran%C3%A7a/most-viewed?limit=1"}
{"category":"Segurança","level":"info","limit":1,"message":"Buscando vídeos por categoria:","timestamp":"2025-04-14T09:20:30.810Z"}
{"ip":"::1","level":"info","message":"Nova requisição","method":"GET","timestamp":"2025-04-14T09:20:30.812Z","url":"/api/videos/category/Treinamento/most-viewed?limit=1"}
{"category":"Treinamento","level":"info","limit":1,"message":"Buscando vídeos por categoria:","timestamp":"2025-04-14T09:20:30.813Z"}
{"ip":"::1","level":"info","message":"Nova requisição","method":"GET","timestamp":"2025-04-14T09:20:30.815Z","url":"/api/videos/category/Procedimentos/most-viewed?limit=1"}
{"category":"Procedimentos","level":"info","limit":1,"message":"Buscando vídeos por categoria:","timestamp":"2025-04-14T09:20:30.815Z"}
{"ip":"::1","level":"info","message":"Nova requisição","method":"GET","timestamp":"2025-04-14T09:20:30.817Z","url":"/api/videos/category/Equipamentos/most-viewed?limit=1"}
{"category":"Equipamentos","level":"info","limit":1,"message":"Buscando vídeos por categoria:","timestamp":"2025-04-14T09:20:30.818Z"}
{"ip":"::1","level":"info","message":"Nova requisição","method":"GET","timestamp":"2025-04-14T09:20:30.819Z","url":"/api/videos/category/Outros/most-viewed?limit=1"}
{"category":"Outros","level":"info","limit":1,"message":"Buscando vídeos por categoria:","timestamp":"2025-04-14T09:20:30.820Z"}
{"ip":"::1","level":"info","message":"Nova requisição","method":"GET","timestamp":"2025-04-14T09:20:30.821Z","url":"/api/zones/stats"}
{"level":"info","message":"Encontrados 0 vídeos para a categoria \"Segurança\"","timestamp":"2025-04-14T09:20:30.873Z"}
{"level":"info","message":"Encontrados 0 vídeos para a categoria \"Treinamento\"","timestamp":"2025-04-14T09:20:30.876Z"}
{"ip":"::1","level":"info","message":"Nova requisição","method":"POST","timestamp":"2025-04-14T09:20:30.917Z","url":"/api/videos/category/Seguran%C3%A7a/next"}
{"ip":"::1","level":"info","message":"Nova requisição","method":"POST","timestamp":"2025-04-14T09:20:30.937Z","url":"/api/videos/category/Treinamento/next"}
{"level":"info","message":"Encontrados 0 vídeos para a categoria \"Outros\"","timestamp":"2025-04-14T09:20:30.939Z"}
{"count":5,"level":"info","message":"Estatísticas de zonas recuperadas com sucesso","timestamp":"2025-04-14T09:20:30.941Z"}
{"ip":"::1","level":"info","message":"Nova requisição","method":"POST","timestamp":"2025-04-14T09:20:30.956Z","url":"/api/videos/category/Outros/next"}
{"level":"info","message":"Encontrados 0 vídeos para a categoria \"Procedimentos\"","timestamp":"2025-04-14T09:20:31.223Z"}
{"ip":"::1","level":"info","message":"Nova requisição","method":"POST","timestamp":"2025-04-14T09:20:31.231Z","url":"/api/videos/category/Procedimentos/next"}
{"level":"info","message":"Encontrados 0 vídeos para a categoria \"Equipamentos\"","timestamp":"2025-04-14T09:20:31.259Z"}
{"ip":"::1","level":"info","message":"Nova requisição","method":"POST","timestamp":"2025-04-14T09:20:31.273Z","url":"/api/videos/category/Equipamentos/next"}
{"ip":"::1","level":"info","message":"Nova requisição","method":"GET","timestamp":"2025-04-14T09:20:40.199Z","url":"/api/incidents"}
{"ip":"::1","level":"info","message":"Nova requisição","method":"GET","timestamp":"2025-04-14T09:20:49.185Z","url":"/api/videos"}
{"ip":"::1","level":"info","message":"Nova requisição","method":"GET","timestamp":"2025-04-14T09:20:49.186Z","url":"/api/incidents"}
{"count":0,"level":"info","message":"Vídeos recuperados com sucesso","timestamp":"2025-04-14T09:20:49.249Z"}
{"ip":"::1","level":"info","message":"Nova requisição","method":"GET","timestamp":"2025-04-14T09:20:55.306Z","url":"/api/database/status"}
{"ip":"::1","level":"info","message":"Nova requisição","method":"GET","timestamp":"2025-04-14T09:21:25.591Z","url":"/api/database/status"}
{"ip":"::1","level":"info","message":"Nova requisição","method":"GET","timestamp":"2025-04-14T09:21:55.588Z","url":"/api/database/status"}
{"ip":"::1","level":"info","message":"Nova requisição","method":"GET","timestamp":"2025-04-14T09:22:25.581Z","url":"/api/database/status"}
{"ip":"::1","level":"info","message":"Nova requisição","method":"GET","timestamp":"2025-04-14T09:22:55.589Z","url":"/api/database/status"}
{"ip":"::1","level":"info","message":"Nova requisição","method":"GET","timestamp":"2025-04-14T09:23:56.586Z","url":"/api/database/status"}
{"ip":"::1","level":"info","message":"Nova requisição","method":"GET","timestamp":"2025-04-14T09:24:57.588Z","url":"/api/database/status"}
{"ip":"::1","level":"info","message":"Nova requisição","method":"GET","timestamp":"2025-04-14T09:25:58.587Z","url":"/api/database/status"}
{"ip":"::1","level":"info","message":"Nova requisição","method":"GET","timestamp":"2025-04-14T09:26:59.582Z","url":"/api/database/status"}
{"ip":"::1","level":"info","message":"Nova requisição","method":"GET","timestamp":"2025-04-14T09:28:00.583Z","url":"/api/database/status"}
{"ip":"::1","level":"info","message":"Nova requisição","method":"GET","timestamp":"2025-04-14T09:29:01.579Z","url":"/api/database/status"}
{"ip":"::1","level":"info","message":"Nova requisição","method":"GET","timestamp":"2025-04-14T09:30:02.588Z","url":"/api/database/status"}
{"ip":"::1","level":"info","message":"Nova requisição","method":"GET","timestamp":"2025-04-14T09:31:03.583Z","url":"/api/database/status"}
{"ip":"::1","level":"info","message":"Nova requisição","method":"GET","timestamp":"2025-04-14T09:32:04.581Z","url":"/api/database/status"}
{"ip":"::1","level":"info","message":"Nova requisição","method":"GET","timestamp":"2025-04-14T09:33:05.578Z","url":"/api/database/status"}
{"ip":"::1","level":"info","message":"Nova requisição","method":"GET","timestamp":"2025-04-14T09:34:06.580Z","url":"/api/database/status"}
{"ip":"::1","level":"info","message":"Nova requisição","method":"GET","timestamp":"2025-04-14T09:35:07.590Z","url":"/api/database/status"}
{"ip":"::1","level":"info","message":"Nova requisição","method":"GET","timestamp":"2025-04-14T09:36:07.581Z","url":"/api/database/status"}
{"ip":"::1","level":"info","message":"Nova requisição","method":"GET","timestamp":"2025-04-14T09:37:07.587Z","url":"/api/database/status"}
{"ip":"::1","level":"info","message":"Nova requisição","method":"GET","timestamp":"2025-04-14T09:38:07.581Z","url":"/api/database/status"}
{"ip":"::1","level":"info","message":"Nova requisição","method":"GET","timestamp":"2025-04-14T09:39:07.577Z","url":"/api/database/status"}
{"ip":"::1","level":"info","message":"Nova requisição","method":"GET","timestamp":"2025-04-14T09:40:07.592Z","url":"/api/database/status"}
{"ip":"::1","level":"info","message":"Nova requisição","method":"GET","timestamp":"2025-04-14T09:41:07.584Z","url":"/api/database/status"}
{"ip":"::1","level":"info","message":"Nova requisição","method":"GET","timestamp":"2025-04-14T09:42:07.582Z","url":"/api/database/status"}
{"ip":"::1","level":"info","message":"Nova requisição","method":"GET","timestamp":"2025-04-14T09:43:07.588Z","url":"/api/database/status"}
{"ip":"::1","level":"info","message":"Nova requisição","method":"GET","timestamp":"2025-04-14T09:44:07.591Z","url":"/api/database/status"}
{"ip":"::1","level":"info","message":"Nova requisição","method":"GET","timestamp":"2025-04-14T09:45:07.580Z","url":"/api/database/status"}
{"ip":"::1","level":"info","message":"Nova requisição","method":"GET","timestamp":"2025-04-14T09:46:07.584Z","url":"/api/database/status"}
{"ip":"::1","level":"info","message":"Nova requisição","method":"GET","timestamp":"2025-04-14T09:47:07.583Z","url":"/api/database/status"}
{"ip":"::1","level":"info","message":"Nova requisição","method":"GET","timestamp":"2025-04-14T09:48:07.591Z","url":"/api/database/status"}
{"ip":"::1","level":"info","message":"Nova requisição","method":"GET","timestamp":"2025-04-14T09:49:07.587Z","url":"/api/database/status"}
{"ip":"::1","level":"info","message":"Nova requisição","method":"GET","timestamp":"2025-04-14T09:50:07.580Z","url":"/api/database/status"}
{"ip":"::1","level":"info","message":"Nova requisição","method":"GET","timestamp":"2025-04-14T09:51:07.586Z","url":"/api/database/status"}
{"ip":"::1","level":"info","message":"Nova requisição","method":"GET","timestamp":"2025-04-14T09:52:07.582Z","url":"/api/database/status"}
{"ip":"::1","level":"info","message":"Nova requisição","method":"GET","timestamp":"2025-04-14T09:53:07.581Z","url":"/api/database/status"}
{"ip":"::1","level":"info","message":"Nova requisição","method":"GET","timestamp":"2025-04-14T09:54:07.581Z","url":"/api/database/status"}
{"ip":"::1","level":"info","message":"Nova requisição","method":"GET","timestamp":"2025-04-14T09:54:30.862Z","url":"/api/database/status"}
{"ip":"::1","level":"info","message":"Nova requisição","method":"GET","timestamp":"2025-04-14T09:54:55.580Z","url":"/api/database/status"}
{"ip":"::1","level":"info","message":"Nova requisição","method":"GET","timestamp":"2025-04-14T09:55:25.577Z","url":"/api/database/status"}
{"ip":"::1","level":"info","message":"Nova requisição","method":"GET","timestamp":"2025-04-14T09:56:07.588Z","url":"/api/database/status"}
{"ip":"::1","level":"info","message":"Nova requisição","method":"GET","timestamp":"2025-04-14T09:57:07.578Z","url":"/api/database/status"}
{"ip":"::1","level":"info","message":"Nova requisição","method":"GET","timestamp":"2025-04-14T09:58:07.588Z","url":"/api/database/status"}
{"ip":"::1","level":"info","message":"Nova requisição","method":"GET","timestamp":"2025-04-14T09:59:07.582Z","url":"/api/database/status"}
{"ip":"::1","level":"info","message":"Nova requisição","method":"GET","timestamp":"2025-04-14T10:00:07.586Z","url":"/api/database/status"}
{"ip":"::1","level":"info","message":"Nova requisição","method":"GET","timestamp":"2025-04-14T10:01:07.590Z","url":"/api/database/status"}
{"ip":"::1","level":"info","message":"Nova requisição","method":"GET","timestamp":"2025-04-14T10:02:07.589Z","url":"/api/database/status"}
{"ip":"::1","level":"info","message":"Nova requisição","method":"GET","timestamp":"2025-04-14T10:03:07.576Z","url":"/api/database/status"}
{"ip":"::1","level":"info","message":"Nova requisição","method":"GET","timestamp":"2025-04-14T10:04:07.583Z","url":"/api/database/status"}
{"ip":"::1","level":"info","message":"Nova requisição","method":"GET","timestamp":"2025-04-14T10:05:07.591Z","url":"/api/database/status"}
{"ip":"::1","level":"info","message":"Nova requisição","method":"GET","timestamp":"2025-04-14T10:06:07.584Z","url":"/api/database/status"}
{"ip":"::1","level":"info","message":"Nova requisição","method":"GET","timestamp":"2025-04-14T10:07:07.590Z","url":"/api/database/status"}
{"level":"info","message":"Servidor rodando em http://localhost:3000","timestamp":"2025-04-14T10:13:38.124Z"}
{"ip":"::1","level":"info","message":"Nova requisição","method":"GET","timestamp":"2025-04-14T10:13:58.132Z","url":"/api/incidents"}
{"ip":"::1","level":"info","message":"Nova requisição","method":"GET","timestamp":"2025-04-14T10:13:58.135Z","url":"/api/videos"}
{"count":0,"level":"info","message":"Vídeos recuperados com sucesso","timestamp":"2025-04-14T10:13:58.537Z"}
{"ip":"::1","level":"info","message":"Nova requisição","method":"GET","timestamp":"2025-04-14T10:14:14.794Z","url":"/api/zones/stats"}
{"ip":"::1","level":"info","message":"Nova requisição","method":"GET","timestamp":"2025-04-14T10:14:14.796Z","url":"/api/videos/category/Seguran%C3%A7a/most-viewed?limit=1"}
{"category":"Segurança","level":"info","limit":1,"message":"Buscando vídeos por categoria:","timestamp":"2025-04-14T10:14:14.797Z"}
{"ip":"::1","level":"info","message":"Nova requisição","method":"GET","timestamp":"2025-04-14T10:14:14.800Z","url":"/api/videos/category/Procedimentos/most-viewed?limit=1"}
{"category":"Procedimentos","level":"info","limit":1,"message":"Buscando vídeos por categoria:","timestamp":"2025-04-14T10:14:14.801Z"}
{"ip":"::1","level":"info","message":"Nova requisição","method":"GET","timestamp":"2025-04-14T10:14:14.804Z","url":"/api/videos/category/Equipamentos/most-viewed?limit=1"}
{"category":"Equipamentos","level":"info","limit":1,"message":"Buscando vídeos por categoria:","timestamp":"2025-04-14T10:14:14.805Z"}
{"ip":"::1","level":"info","message":"Nova requisição","method":"GET","timestamp":"2025-04-14T10:14:14.807Z","url":"/api/videos/category/Outros/most-viewed?limit=1"}
{"category":"Outros","level":"info","limit":1,"message":"Buscando vídeos por categoria:","timestamp":"2025-04-14T10:14:14.807Z"}
{"ip":"::1","level":"info","message":"Nova requisição","method":"GET","timestamp":"2025-04-14T10:14:14.808Z","url":"/api/videos/category/Treinamento/most-viewed?limit=1"}
{"category":"Treinamento","level":"info","limit":1,"message":"Buscando vídeos por categoria:","timestamp":"2025-04-14T10:14:14.809Z"}
{"count":5,"level":"info","message":"Estatísticas de zonas recuperadas com sucesso","timestamp":"2025-04-14T10:14:14.854Z"}
{"level":"info","message":"Encontrados 0 vídeos para a categoria \"Segurança\"","timestamp":"2025-04-14T10:14:14.864Z"}
{"ip":"::1","level":"info","message":"Nova requisição","method":"POST","timestamp":"2025-04-14T10:14:14.899Z","url":"/api/videos/category/Seguran%C3%A7a/next"}
{"level":"info","message":"Encontrados 0 vídeos para a categoria \"Outros\"","timestamp":"2025-04-14T10:14:14.926Z"}
{"level":"info","message":"Encontrados 0 vídeos para a categoria \"Treinamento\"","timestamp":"2025-04-14T10:14:14.928Z"}
{"ip":"::1","level":"info","message":"Nova requisição","method":"POST","timestamp":"2025-04-14T10:14:14.935Z","url":"/api/videos/category/Treinamento/next"}
{"ip":"::1","level":"info","message":"Nova requisição","method":"POST","timestamp":"2025-04-14T10:14:14.937Z","url":"/api/videos/category/Outros/next"}
{"level":"info","message":"Encontrados 0 vídeos para a categoria \"Equipamentos\"","timestamp":"2025-04-14T10:14:15.229Z"}
{"ip":"::1","level":"info","message":"Nova requisição","method":"POST","timestamp":"2025-04-14T10:14:15.235Z","url":"/api/videos/category/Equipamentos/next"}
{"level":"info","message":"Encontrados 0 vídeos para a categoria \"Procedimentos\"","timestamp":"2025-04-14T10:14:15.243Z"}
{"ip":"::1","level":"info","message":"Nova requisição","method":"POST","timestamp":"2025-04-14T10:14:15.250Z","url":"/api/videos/category/Procedimentos/next"}
{"ip":"::1","level":"info","message":"Nova requisição","method":"GET","timestamp":"2025-04-14T10:14:18.107Z","url":"/api/videos"}
{"count":0,"level":"info","message":"Vídeos recuperados com sucesso","timestamp":"2025-04-14T10:14:18.171Z"}
{"ip":"::1","level":"info","message":"Nova requisição","method":"GET","timestamp":"2025-04-14T10:14:23.218Z","url":"/api/videos/category/Seguran%C3%A7a/most-viewed?limit=1"}
{"category":"Segurança","level":"info","limit":1,"message":"Buscando vídeos por categoria:","timestamp":"2025-04-14T10:14:23.218Z"}
{"ip":"::1","level":"info","message":"Nova requisição","method":"GET","timestamp":"2025-04-14T10:14:23.221Z","url":"/api/videos/category/Treinamento/most-viewed?limit=1"}
{"category":"Treinamento","level":"info","limit":1,"message":"Buscando vídeos por categoria:","timestamp":"2025-04-14T10:14:23.222Z"}
{"ip":"::1","level":"info","message":"Nova requisição","method":"GET","timestamp":"2025-04-14T10:14:23.223Z","url":"/api/videos/category/Procedimentos/most-viewed?limit=1"}
{"category":"Procedimentos","level":"info","limit":1,"message":"Buscando vídeos por categoria:","timestamp":"2025-04-14T10:14:23.223Z"}
{"ip":"::1","level":"info","message":"Nova requisição","method":"GET","timestamp":"2025-04-14T10:14:23.224Z","url":"/api/videos/category/Equipamentos/most-viewed?limit=1"}
{"category":"Equipamentos","level":"info","limit":1,"message":"Buscando vídeos por categoria:","timestamp":"2025-04-14T10:14:23.224Z"}
{"ip":"::1","level":"info","message":"Nova requisição","method":"GET","timestamp":"2025-04-14T10:14:23.225Z","url":"/api/videos/category/Outros/most-viewed?limit=1"}
{"category":"Outros","level":"info","limit":1,"message":"Buscando vídeos por categoria:","timestamp":"2025-04-14T10:14:23.226Z"}
{"ip":"::1","level":"info","message":"Nova requisição","method":"GET","timestamp":"2025-04-14T10:14:23.227Z","url":"/api/zones/stats"}
{"level":"info","message":"Encontrados 0 vídeos para a categoria \"Equipamentos\"","timestamp":"2025-04-14T10:14:23.283Z"}
{"level":"info","message":"Encontrados 0 vídeos para a categoria \"Segurança\"","timestamp":"2025-04-14T10:14:23.284Z"}
{"level":"info","message":"Encontrados 0 vídeos para a categoria \"Procedimentos\"","timestamp":"2025-04-14T10:14:23.284Z"}
{"level":"info","message":"Encontrados 0 vídeos para a categoria \"Treinamento\"","timestamp":"2025-04-14T10:14:23.287Z"}
{"ip":"::1","level":"info","message":"Nova requisição","method":"POST","timestamp":"2025-04-14T10:14:23.314Z","url":"/api/videos/category/Equipamentos/next"}
{"ip":"::1","level":"info","message":"Nova requisição","method":"POST","timestamp":"2025-04-14T10:14:23.315Z","url":"/api/videos/category/Seguran%C3%A7a/next"}
{"ip":"::1","level":"info","message":"Nova requisição","method":"POST","timestamp":"2025-04-14T10:14:23.315Z","url":"/api/videos/category/Procedimentos/next"}
{"ip":"::1","level":"info","message":"Nova requisição","method":"POST","timestamp":"2025-04-14T10:14:23.316Z","url":"/api/videos/category/Treinamento/next"}
{"count":5,"level":"info","message":"Estatísticas de zonas recuperadas com sucesso","timestamp":"2025-04-14T10:14:23.626Z"}
{"level":"info","message":"Encontrados 0 vídeos para a categoria \"Outros\"","timestamp":"2025-04-14T10:14:23.650Z"}
{"ip":"::1","level":"info","message":"Nova requisição","method":"POST","timestamp":"2025-04-14T10:14:23.843Z","url":"/api/videos/category/Outros/next"}
{"ip":"::1","level":"info","message":"Nova requisição","method":"GET","timestamp":"2025-04-14T10:14:25.124Z","url":"/api/incidents"}
{"ip":"::1","level":"info","message":"Nova requisição","method":"GET","timestamp":"2025-04-14T10:14:26.008Z","url":"/api/database/status"}
{"ip":"::1","level":"info","message":"Nova requisição","method":"GET","timestamp":"2025-04-14T10:14:56.583Z","url":"/api/database/status"}
{"ip":"::1","level":"info","message":"Nova requisição","method":"GET","timestamp":"2025-04-14T10:15:26.588Z","url":"/api/database/status"}
{"ip":"::1","level":"info","message":"Nova requisição","method":"GET","timestamp":"2025-04-14T10:15:56.578Z","url":"/api/database/status"}
{"ip":"::1","level":"info","message":"Nova requisição","method":"GET","timestamp":"2025-04-14T10:16:26.585Z","url":"/api/database/status"}
{"ip":"::1","level":"info","message":"Nova requisição","method":"GET","timestamp":"2025-04-14T10:16:56.580Z","url":"/api/database/status"}
{"ip":"::1","level":"info","message":"Nova requisição","method":"GET","timestamp":"2025-04-14T10:17:57.580Z","url":"/api/database/status"}
{"ip":"::1","level":"info","message":"Nova requisição","method":"GET","timestamp":"2025-04-14T10:18:39.962Z","url":"/api/database/status"}
{"ip":"::1","level":"info","message":"Nova requisição","method":"GET","timestamp":"2025-04-14T10:18:56.584Z","url":"/api/database/status"}
{"ip":"::1","level":"info","message":"Nova requisição","method":"GET","timestamp":"2025-04-14T10:19:26.584Z","url":"/api/database/status"}
{"ip":"::1","level":"info","message":"Nova requisição","method":"GET","timestamp":"2025-04-14T10:19:56.008Z","url":"/api/database/status"}
{"ip":"::1","level":"info","message":"Nova requisição","method":"GET","timestamp":"2025-04-14T10:20:26.577Z","url":"/api/database/status"}
{"ip":"::1","level":"info","message":"Nova requisição","method":"GET","timestamp":"2025-04-14T10:20:56.588Z","url":"/api/database/status"}
{"ip":"::1","level":"info","message":"Nova requisição","method":"GET","timestamp":"2025-04-14T10:21:57.584Z","url":"/api/database/status"}
{"ip":"::1","level":"info","message":"Nova requisição","method":"GET","timestamp":"2025-04-14T10:22:58.583Z","url":"/api/database/status"}
{"ip":"::1","level":"info","message":"Nova requisição","method":"GET","timestamp":"2025-04-14T10:23:59.579Z","url":"/api/database/status"}
{"ip":"::1","level":"info","message":"Nova requisição","method":"GET","timestamp":"2025-04-14T10:25:00.577Z","url":"/api/database/status"}
{"ip":"::1","level":"info","message":"Nova requisição","method":"GET","timestamp":"2025-04-14T10:26:01.580Z","url":"/api/database/status"}
{"ip":"::1","level":"info","message":"Nova requisição","method":"GET","timestamp":"2025-04-14T10:26:53.505Z","url":"/api/database/status"}
{"ip":"::1","level":"info","message":"Nova requisição","method":"GET","timestamp":"2025-04-14T10:26:56.001Z","url":"/api/database/status"}
{"ip":"::1","level":"info","message":"Nova requisição","method":"GET","timestamp":"2025-04-14T10:27:26.595Z","url":"/api/database/status"}
{"ip":"::1","level":"info","message":"Nova requisição","method":"GET","timestamp":"2025-04-14T10:27:56.592Z","url":"/api/database/status"}
{"ip":"::1","level":"info","message":"Nova requisição","method":"GET","timestamp":"2025-04-14T10:28:33.621Z","url":"/api/database/status"}
{"ip":"::1","level":"info","message":"Nova requisição","method":"GET","timestamp":"2025-04-14T10:28:56.582Z","url":"/api/database/status"}
{"ip":"::1","level":"info","message":"Nova requisição","method":"GET","timestamp":"2025-04-14T10:29:26.584Z","url":"/api/database/status"}
{"ip":"::1","level":"info","message":"Nova requisição","method":"GET","timestamp":"2025-04-14T10:30:07.584Z","url":"/api/database/status"}
{"ip":"::1","level":"info","message":"Nova requisição","method":"GET","timestamp":"2025-04-14T10:30:46.044Z","url":"/api/database/status"}
{"ip":"::1","level":"info","message":"Nova requisição","method":"GET","timestamp":"2025-04-14T10:30:48.774Z","url":"/api/videos"}
{"ip":"::1","level":"info","message":"Nova requisição","method":"GET","timestamp":"2025-04-14T10:30:48.776Z","url":"/api/incidents"}
{"count":0,"level":"info","message":"Vídeos recuperados com sucesso","timestamp":"2025-04-14T10:30:48.839Z"}
{"ip":"::1","level":"info","message":"Nova requisição","method":"GET","timestamp":"2025-04-14T10:30:56.582Z","url":"/api/database/status"}
{"ip":"::1","level":"info","message":"Nova requisição","method":"GET","timestamp":"2025-04-14T10:31:26.581Z","url":"/api/database/status"}
{"ip":"::1","level":"info","message":"Nova requisição","method":"GET","timestamp":"2025-04-14T10:31:56.583Z","url":"/api/database/status"}
{"ip":"::1","level":"info","message":"Nova requisição","method":"GET","timestamp":"2025-04-14T10:32:54.104Z","url":"/api/database/status"}
{"ip":"::1","level":"info","message":"Nova requisição","method":"GET","timestamp":"2025-04-14T10:32:56.012Z","url":"/api/database/status"}
{"ip":"::1","level":"info","message":"Nova requisição","method":"GET","timestamp":"2025-04-14T10:33:26.010Z","url":"/api/database/status"}
{"ip":"::1","level":"info","message":"Nova requisição","method":"GET","timestamp":"2025-04-14T10:33:56.579Z","url":"/api/database/status"}
{"ip":"::1","level":"info","message":"Nova requisição","method":"GET","timestamp":"2025-04-14T10:34:26.587Z","url":"/api/database/status"}
{"ip":"::1","level":"info","message":"Nova requisição","method":"GET","timestamp":"2025-04-14T10:34:56.003Z","url":"/api/database/status"}
{"ip":"::1","level":"info","message":"Nova requisição","method":"GET","timestamp":"2025-04-14T10:35:26.576Z","url":"/api/database/status"}
{"ip":"::1","level":"info","message":"Nova requisição","method":"GET","timestamp":"2025-04-14T10:36:35.584Z","url":"/api/database/status"}
{"ip":"::1","level":"info","message":"Nova requisição","method":"GET","timestamp":"2025-04-14T10:37:05.591Z","url":"/api/database/status"}
{"ip":"::1","level":"info","message":"Nova requisição","method":"GET","timestamp":"2025-04-14T10:37:35.587Z","url":"/api/database/status"}
{"ip":"::1","level":"info","message":"Nova requisição","method":"GET","timestamp":"2025-04-14T10:38:05.591Z","url":"/api/database/status"}
{"ip":"::1","level":"info","message":"Nova requisição","method":"GET","timestamp":"2025-04-14T10:38:40.584Z","url":"/api/database/status"}
{"ip":"::1","level":"info","message":"Nova requisição","method":"GET","timestamp":"2025-04-14T10:39:10.585Z","url":"/api/database/status"}
{"ip":"::1","level":"info","message":"Nova requisição","method":"GET","timestamp":"2025-04-14T10:39:40.587Z","url":"/api/database/status"}
{"ip":"::1","level":"info","message":"Nova requisição","method":"GET","timestamp":"2025-04-14T10:40:10.579Z","url":"/api/database/status"}
{"ip":"::1","level":"info","message":"Nova requisição","method":"GET","timestamp":"2025-04-14T10:40:40.592Z","url":"/api/database/status"}
{"ip":"::1","level":"info","message":"Nova requisição","method":"GET","timestamp":"2025-04-14T10:40:59.660Z","url":"/api/incidents"}
{"ip":"::1","level":"info","message":"Nova requisição","method":"GET","timestamp":"2025-04-14T10:40:59.662Z","url":"/api/videos"}
{"count":0,"level":"info","message":"Vídeos recuperados com sucesso","timestamp":"2025-04-14T10:40:59.720Z"}
{"ip":"::1","level":"info","message":"Nova requisição","method":"GET","timestamp":"2025-04-14T10:41:03.578Z","url":"/api/zones/stats"}
{"ip":"::1","level":"info","message":"Nova requisição","method":"GET","timestamp":"2025-04-14T10:41:03.579Z","url":"/api/videos/category/Procedimentos/most-viewed?limit=1"}
{"category":"Procedimentos","level":"info","limit":1,"message":"Buscando vídeos por categoria:","timestamp":"2025-04-14T10:41:03.579Z"}
{"ip":"::1","level":"info","message":"Nova requisição","method":"GET","timestamp":"2025-04-14T10:41:03.581Z","url":"/api/videos/category/Seguran%C3%A7a/most-viewed?limit=1"}
{"category":"Segurança","level":"info","limit":1,"message":"Buscando vídeos por categoria:","timestamp":"2025-04-14T10:41:03.581Z"}
{"ip":"::1","level":"info","message":"Nova requisição","method":"GET","timestamp":"2025-04-14T10:41:03.582Z","url":"/api/videos/category/Treinamento/most-viewed?limit=1"}
{"category":"Treinamento","level":"info","limit":1,"message":"Buscando vídeos por categoria:","timestamp":"2025-04-14T10:41:03.582Z"}
{"ip":"::1","level":"info","message":"Nova requisição","method":"GET","timestamp":"2025-04-14T10:41:03.584Z","url":"/api/videos/category/Equipamentos/most-viewed?limit=1"}
{"category":"Equipamentos","level":"info","limit":1,"message":"Buscando vídeos por categoria:","timestamp":"2025-04-14T10:41:03.584Z"}
{"ip":"::1","level":"info","message":"Nova requisição","method":"GET","timestamp":"2025-04-14T10:41:03.586Z","url":"/api/videos/category/Outros/most-viewed?limit=1"}
{"category":"Outros","level":"info","limit":1,"message":"Buscando vídeos por categoria:","timestamp":"2025-04-14T10:41:03.586Z"}
{"level":"info","message":"Encontrados 0 vídeos para a categoria \"Procedimentos\"","timestamp":"2025-04-14T10:41:03.639Z"}
{"level":"info","message":"Encontrados 0 vídeos para a categoria \"Treinamento\"","timestamp":"2025-04-14T10:41:03.642Z"}
{"count":5,"level":"info","message":"Estatísticas de zonas recuperadas com sucesso","timestamp":"2025-04-14T10:41:03.647Z"}
{"level":"info","message":"Encontrados 0 vídeos para a categoria \"Segurança\"","timestamp":"2025-04-14T10:41:03.648Z"}
{"level":"info","message":"Encontrados 0 vídeos para a categoria \"Outros\"","timestamp":"2025-04-14T10:41:03.649Z"}
{"level":"info","message":"Encontrados 0 vídeos para a categoria \"Equipamentos\"","timestamp":"2025-04-14T10:41:03.649Z"}
{"ip":"::1","level":"info","message":"Nova requisição","method":"POST","timestamp":"2025-04-14T10:41:03.675Z","url":"/api/videos/category/Procedimentos/next"}
{"ip":"::1","level":"info","message":"Nova requisição","method":"POST","timestamp":"2025-04-14T10:41:03.676Z","url":"/api/videos/category/Treinamento/next"}
{"ip":"::1","level":"info","message":"Nova requisição","method":"POST","timestamp":"2025-04-14T10:41:03.680Z","url":"/api/videos/category/Seguran%C3%A7a/next"}
{"ip":"::1","level":"info","message":"Nova requisição","method":"POST","timestamp":"2025-04-14T10:41:03.682Z","url":"/api/videos/category/Outros/next"}
{"ip":"::1","level":"info","message":"Nova requisição","method":"POST","timestamp":"2025-04-14T10:41:03.683Z","url":"/api/videos/category/Equipamentos/next"}
{"ip":"::1","level":"info","message":"Nova requisição","method":"GET","timestamp":"2025-04-14T10:41:10.174Z","url":"/api/database/status"}
{"ip":"::1","level":"info","message":"Nova requisição","method":"GET","timestamp":"2025-04-14T10:41:40.581Z","url":"/api/database/status"}
{"ip":"::1","level":"info","message":"Nova requisição","method":"GET","timestamp":"2025-04-14T10:42:51.583Z","url":"/api/database/status"}
{"ip":"::1","level":"info","message":"Nova requisição","method":"GET","timestamp":"2025-04-14T10:43:21.581Z","url":"/api/database/status"}
{"ip":"::1","level":"info","message":"Nova requisição","method":"GET","timestamp":"2025-04-14T10:43:51.591Z","url":"/api/database/status"}
{"ip":"::1","level":"info","message":"Nova requisição","method":"GET","timestamp":"2025-04-14T10:44:21.586Z","url":"/api/database/status"}
{"ip":"::1","level":"info","message":"Nova requisição","method":"GET","timestamp":"2025-04-14T10:44:51.590Z","url":"/api/database/status"}
{"ip":"::1","level":"info","message":"Nova requisição","method":"GET","timestamp":"2025-04-14T10:45:52.580Z","url":"/api/database/status"}
{"ip":"::1","level":"info","message":"Nova requisição","method":"GET","timestamp":"2025-04-14T10:46:53.578Z","url":"/api/database/status"}
{"ip":"::1","level":"info","message":"Nova requisição","method":"GET","timestamp":"2025-04-14T10:47:54.591Z","url":"/api/database/status"}
{"ip":"::1","level":"info","message":"Nova requisição","method":"GET","timestamp":"2025-04-14T10:48:21.590Z","url":"/api/database/status"}
{"ip":"::1","level":"info","message":"Nova requisição","method":"GET","timestamp":"2025-04-14T10:48:51.587Z","url":"/api/database/status"}
{"ip":"::1","level":"info","message":"Nova requisição","method":"GET","timestamp":"2025-04-14T10:49:52.593Z","url":"/api/database/status"}
{"ip":"::1","level":"info","message":"Nova requisição","method":"GET","timestamp":"2025-04-14T10:50:53.590Z","url":"/api/database/status"}
{"ip":"::1","level":"info","message":"Nova requisição","method":"GET","timestamp":"2025-04-14T10:51:54.581Z","url":"/api/database/status"}
{"ip":"::1","level":"info","message":"Nova requisição","method":"GET","timestamp":"2025-04-14T10:52:55.589Z","url":"/api/database/status"}
{"ip":"::1","level":"info","message":"Nova requisição","method":"GET","timestamp":"2025-04-14T10:53:56.590Z","url":"/api/database/status"}
{"ip":"::1","level":"info","message":"Nova requisição","method":"GET","timestamp":"2025-04-14T10:54:57.585Z","url":"/api/database/status"}
{"ip":"::1","level":"info","message":"Nova requisição","method":"GET","timestamp":"2025-04-14T10:55:58.583Z","url":"/api/database/status"}
