{"error":{},"filePath":"C:\\Users\\malha\\Documents\\projeto\\robbialac-safe-zone\\robbialac-safe-zone\\temp\\","level":"error","message":"Erro ao validar tipo de arquivo","timestamp":"2025-05-09T07:58:34.679Z"}
{"filePath":"C:\\Users\\malha\\Documents\\projeto\\robbialac-safe-zone\\robbialac-safe-zone\\temp\\","level":"warn","message":"Tentativa de acesso a tipo de arquivo não permitido","timestamp":"2025-05-09T07:58:34.680Z"}
{"error":{},"filePath":"C:\\Users\\malha\\Documents\\projeto\\robbialac-safe-zone\\robbialac-safe-zone\\temp\\","level":"error","message":"Erro ao validar tipo de arquivo","timestamp":"2025-05-09T07:58:39.083Z"}
{"filePath":"C:\\Users\\malha\\Documents\\projeto\\robbialac-safe-zone\\robbialac-safe-zone\\temp\\","level":"warn","message":"Tentativa de acesso a tipo de arquivo não permitido","timestamp":"2025-05-09T07:58:39.084Z"}
{"error":{},"filePath":"C:\\Users\\malha\\Documents\\projeto\\robbialac-safe-zone\\robbialac-safe-zone\\temp\\","level":"error","message":"Erro ao validar tipo de arquivo","timestamp":"2025-05-09T07:58:45.127Z"}
{"filePath":"C:\\Users\\malha\\Documents\\projeto\\robbialac-safe-zone\\robbialac-safe-zone\\temp\\","level":"warn","message":"Tentativa de acesso a tipo de arquivo não permitido","timestamp":"2025-05-09T07:58:45.127Z"}
{"error":{},"filePath":"C:\\Users\\malha\\Documents\\projeto\\robbialac-safe-zone\\robbialac-safe-zone\\temp\\","level":"error","message":"Erro ao validar tipo de arquivo","timestamp":"2025-05-09T07:59:08.438Z"}
{"filePath":"C:\\Users\\malha\\Documents\\projeto\\robbialac-safe-zone\\robbialac-safe-zone\\temp\\","level":"warn","message":"Tentativa de acesso a tipo de arquivo não permitido","timestamp":"2025-05-09T07:59:08.438Z"}
{"error":{},"filePath":"C:\\Users\\malha\\Documents\\projeto\\robbialac-safe-zone\\robbialac-safe-zone\\temp\\","level":"error","message":"Erro ao validar tipo de arquivo","timestamp":"2025-05-09T07:59:09.351Z"}
{"filePath":"C:\\Users\\malha\\Documents\\projeto\\robbialac-safe-zone\\robbialac-safe-zone\\temp\\","level":"warn","message":"Tentativa de acesso a tipo de arquivo não permitido","timestamp":"2025-05-09T07:59:09.351Z"}
{"email":"malhadinhas_7@hotmail.com","level":"warn","message":"Tentativa de criar utilizador com email já existente","timestamp":"2025-05-09T09:16:56.055Z"}
{"email":"malhadinhas_7@hotmail.com","level":"warn","message":"Tentativa de criar utilizador com email já existente","timestamp":"2025-05-09T09:17:15.431Z"}
{"email":"joao.malhadinhas@my.istec.pt","level":"warn","message":"Tentativa de criar utilizador com email já existente","timestamp":"2025-05-09T09:21:48.346Z"}
{"email":"joao.malhadinhas@my.istec.pt","level":"warn","message":"Tentativa de criar utilizador com email já existente","timestamp":"2025-05-09T09:44:15.474Z"}
{"error":"connect ECONNREFUSED ::1:587","level":"error","message":"Erro ao criar utilizador","stack":"Error: connect ECONNREFUSED ::1:587\n    at TCPConnectWrap.afterConnect [as oncomplete] (node:net:1634:16)","timestamp":"2025-05-09T09:44:56.240Z"}
{"email":"joao.malhadinhas@my.istec.pt","level":"warn","message":"Tentativa de criar utilizador com email já existente","timestamp":"2025-05-09T09:45:06.267Z"}
{"error":"connect ECONNREFUSED ::1:587","level":"error","message":"Erro ao criar utilizador","stack":"Error: connect ECONNREFUSED ::1:587\n    at TCPConnectWrap.afterConnect [as oncomplete] (node:net:1634:16)","timestamp":"2025-05-09T09:47:38.815Z"}
{"email":"malhadinhas_7@hotmail.com","level":"warn","message":"Tentativa de criar utilizador com email já existente","timestamp":"2025-05-09T09:56:19.313Z"}
{"level":"warn","message":"Tentativa de acesso sem token de autenticação","method":"PATCH","path":"/undefined/role","timestamp":"2025-05-09T12:06:23.284Z"}
{"email":"user@robbialac.pt","level":"warn","message":"Tentativa de login falhou: Senha inválida (bcryptjs compare returned false)","timestamp":"2025-05-09T13:16:34.727Z"}
{"email":"user@robbialac.pt","level":"warn","message":"Falha na autenticação (validateCredentials retornou null)","timestamp":"2025-05-09T13:16:34.727Z"}
{"email":"ines.lopes@robbialac.pt","level":"warn","message":"Tentativa de login falhou: Senha inválida (bcryptjs compare returned false)","timestamp":"2025-05-09T13:17:08.665Z"}
{"email":"ines.lopes@robbialac.pt","level":"warn","message":"Falha na autenticação (validateCredentials retornou null)","timestamp":"2025-05-09T13:17:08.665Z"}
{"email":"ines.lopes@robbialac.pt","level":"warn","message":"Tentativa de login falhou: Senha inválida (bcryptjs compare returned false)","timestamp":"2025-05-09T13:19:00.780Z"}
{"email":"ines.lopes@robbialac.pt","level":"warn","message":"Falha na autenticação (validateCredentials retornou null)","timestamp":"2025-05-09T13:19:00.781Z"}
{"email":"user@robbialac.pt","level":"warn","message":"Tentativa de login falhou: Senha inválida (bcryptjs compare returned false)","timestamp":"2025-05-09T13:19:24.477Z"}
{"email":"user@robbialac.pt","level":"warn","message":"Falha na autenticação (validateCredentials retornou null)","timestamp":"2025-05-09T13:19:24.477Z"}
